2024/05/28 10:41:45 PM - WDM - INFO - ====== WebDriver manager ======
2024/05/28 10:41:46 PM - WDM - INFO - Get LATEST chromedriver version for google-chrome
2024/05/28 10:41:46 PM - WDM - INFO - Get LATEST chromedriver version for google-chrome
2024/05/28 10:41:46 PM - WDM - INFO - Driver [C:\Users\HP\.wdm\drivers\chromedriver\win64\125.0.6422.78\chromedriver-win32/chromedriver.exe] found in cache
2024/05/28 10:42:00 PM - src.logger - INFO - Category: Frozen Foods
2024/05/28 10:42:08 PM - src.logger - INFO - Category: Meat & Seafood
2024/05/28 10:42:15 PM - src.logger - INFO - Category: Produce
2024/05/28 10:42:21 PM - src.logger - INFO - Category: Snacks
2024/05/28 10:42:28 PM - src.logger - INFO - Category: Bakery & Bread
2024/05/28 10:42:33 PM - src.logger - INFO - Category: Beverages
2024/05/28 10:42:40 PM - src.logger - INFO - Category: Pantry
2024/05/28 10:42:47 PM - src.logger - INFO - Category: Breakfast & Cereal
2024/05/28 10:42:49 PM - src.logger - ERROR - No button "Show ... more" found
Traceback (most recent call last):
  File "D:\scraping-groceries\stores\target\src\categories_scraper.py", line 16, in click_show_all_categories_button_if_present
    driver.find_element(By.CSS_SELECTOR, categories_button_css_selector)
  File "D:\scraping-groceries\stores\target\venv\lib\site-packages\selenium\webdriver\remote\webdriver.py", line 741, in find_element
    return self.execute(Command.FIND_ELEMENT, {"using": by, "value": value})["value"]
  File "D:\scraping-groceries\stores\target\venv\lib\site-packages\selenium\webdriver\remote\webdriver.py", line 347, in execute
    self.error_handler.check_response(response)
  File "D:\scraping-groceries\stores\target\venv\lib\site-packages\selenium\webdriver\remote\errorhandler.py", line 229, in check_response
    raise exception_class(message, screen, stacktrace)
selenium.common.exceptions.NoSuchElementException: Message: no such element: Unable to locate element: {"method":"css selector","selector":"[data-test='@web/slingshot-components/bubcat'] button"}
  (Session info: chrome=125.0.6422.112); For documentation on this error, please visit: https://www.selenium.dev/documentation/webdriver/troubleshooting/errors#no-such-element-exception
Stacktrace:
	GetHandleVerifier [0x010AB793+45827]
	(No symbol) [0x0103DB74]
	(No symbol) [0x00F3150F]
	(No symbol) [0x00F720BC]
	(No symbol) [0x00F7216B]
	(No symbol) [0x00FAE0F2]
	(No symbol) [0x00F92E44]
	(No symbol) [0x00FAC034]
	(No symbol) [0x00F92B96]
	(No symbol) [0x00F66998]
	(No symbol) [0x00F6751D]
	GetHandleVerifier [0x013643C3+2899763]
	GetHandleVerifier [0x013B77ED+3240797]
	GetHandleVerifier [0x01131264+593364]
	GetHandleVerifier [0x0113818C+621820]
	(No symbol) [0x01046F54]
	(No symbol) [0x01043658]
	(No symbol) [0x010437F7]
	(No symbol) [0x010358AE]
	BaseThreadInitThunk [0x77BDFCC9+25]
	RtlGetAppContainerNamedObjectPath [0x77D27CBE+286]
	RtlGetAppContainerNamedObjectPath [0x77D27C8E+238]


During handling of the above exception, another exception occurred:

Traceback (most recent call last):
  File "D:\scraping-groceries\stores\target\Task_1__extract_url_of_every_grocery_category_or_subcategory.py", line 54, in <module>
    click_show_all_categories_button_if_present(config, driver)
  File "D:\scraping-groceries\stores\target\src\categories_scraper.py", line 25, in click_show_all_categories_button_if_present
    raise Exception('No button "Show ... more" found')
Exception: No button "Show ... more" found
2024/05/28 10:42:52 PM - src.logger - INFO - Category: Dairy
2024/05/28 10:42:58 PM - src.logger - INFO - Category: Deli
2024/05/28 10:43:05 PM - src.logger - INFO - Category: Candy
2024/05/28 10:43:09 PM - src.logger - ERROR - No button "Show ... more" found
Traceback (most recent call last):
  File "D:\scraping-groceries\stores\target\src\categories_scraper.py", line 16, in click_show_all_categories_button_if_present
    driver.find_element(By.CSS_SELECTOR, categories_button_css_selector)
  File "D:\scraping-groceries\stores\target\venv\lib\site-packages\selenium\webdriver\remote\webdriver.py", line 741, in find_element
    return self.execute(Command.FIND_ELEMENT, {"using": by, "value": value})["value"]
  File "D:\scraping-groceries\stores\target\venv\lib\site-packages\selenium\webdriver\remote\webdriver.py", line 347, in execute
    self.error_handler.check_response(response)
  File "D:\scraping-groceries\stores\target\venv\lib\site-packages\selenium\webdriver\remote\errorhandler.py", line 229, in check_response
    raise exception_class(message, screen, stacktrace)
selenium.common.exceptions.NoSuchElementException: Message: no such element: Unable to locate element: {"method":"css selector","selector":"[data-test='@web/slingshot-components/bubcat'] button"}
  (Session info: chrome=125.0.6422.112); For documentation on this error, please visit: https://www.selenium.dev/documentation/webdriver/troubleshooting/errors#no-such-element-exception
Stacktrace:
	GetHandleVerifier [0x010AB793+45827]
	(No symbol) [0x0103DB74]
	(No symbol) [0x00F3150F]
	(No symbol) [0x00F720BC]
	(No symbol) [0x00F7216B]
	(No symbol) [0x00FAE0F2]
	(No symbol) [0x00F92E44]
	(No symbol) [0x00FAC034]
	(No symbol) [0x00F92B96]
	(No symbol) [0x00F66998]
	(No symbol) [0x00F6751D]
	GetHandleVerifier [0x013643C3+2899763]
	GetHandleVerifier [0x013B77ED+3240797]
	GetHandleVerifier [0x01131264+593364]
	GetHandleVerifier [0x0113818C+621820]
	(No symbol) [0x01046F54]
	(No symbol) [0x01043658]
	(No symbol) [0x010437F7]
	(No symbol) [0x010358AE]
	BaseThreadInitThunk [0x77BDFCC9+25]
	RtlGetAppContainerNamedObjectPath [0x77D27CBE+286]
	RtlGetAppContainerNamedObjectPath [0x77D27C8E+238]


During handling of the above exception, another exception occurred:

Traceback (most recent call last):
  File "D:\scraping-groceries\stores\target\Task_1__extract_url_of_every_grocery_category_or_subcategory.py", line 54, in <module>
    click_show_all_categories_button_if_present(config, driver)
  File "D:\scraping-groceries\stores\target\src\categories_scraper.py", line 25, in click_show_all_categories_button_if_present
    raise Exception('No button "Show ... more" found')
Exception: No button "Show ... more" found
2024/05/28 10:43:10 PM - src.logger - INFO - Category: Coffee
2024/05/28 10:43:18 PM - src.logger - INFO - Category: Fresh Flowers
2024/05/28 10:43:20 PM - src.logger - WARNING - No subcategories found
2024/05/28 10:43:20 PM - src.logger - INFO - Category: Wine, Beer & Liquor
2024/05/28 10:43:28 PM - src.logger - INFO - Category: Snack Packs & On the Go Snacks
2024/05/28 10:43:30 PM - src.logger - WARNING - No subcategories found
2024/05/28 10:43:30 PM - src.logger - INFO - Category: Tabitha Brown for Target
2024/05/28 10:43:33 PM - src.logger - WARNING - No subcategories found
2024/05/28 10:43:33 PM - src.logger - INFO - Category: Good & Gather
2024/05/28 10:43:38 PM - src.logger - WARNING - No subcategories found
2024/05/28 10:43:38 PM - src.logger - INFO - Category: Favorite Day
2024/05/28 10:43:40 PM - src.logger - WARNING - No subcategories found
2024/05/28 10:43:40 PM - src.logger - INFO - Category: Market Pantry
2024/05/28 10:43:42 PM - src.logger - WARNING - No subcategories found
2024/05/28 10:43:42 PM - src.logger - INFO - Category: Starbucks
2024/05/28 10:43:45 PM - src.logger - WARNING - No subcategories found
2024/05/28 10:43:45 PM - src.logger - INFO - Category: Food Gifts
2024/05/28 10:43:47 PM - src.logger - WARNING - No subcategories found
