2024/06/09 12:29:36 PM - task_2.2 - INFO - Started subtask
2024/06/09 12:29:36 PM - task_2.2 - INFO - 

2024/06/09 12:29:36 PM - task_2.2 - INFO - GET_request_urls_dict list index: 121
2024/06/09 12:29:39 PM - task_2.2 - INFO - First modified GET request url: https://redsky.target.com/redsky_aggregations/v1/web/plp_search_v2?key=9f36aeafbe60771e321a7cc95a78140772ab3e96&brand_id=yfqzk&channel=WEB&count=28&default_purchasability_filter=false&include_dmc_dmr=false&new_search=true&offset=0&page=%2Fb%2Fyfqzk&platform=desktop&pricing_store_id=3991&spellcheck=true&useragent=Mozilla%2F5.0+%28Windows+NT+10.0%3B+Win64%3B+x64%29+AppleWebKit%2F537.36+%28KHTML%2C+like+Gecko%29+HeadlessChrome%2F125.0.0.0+Safari%2F537.36&visitor_id=018FF5C67E2502018598DB5AB7270413&zip=15400
2024/06/09 12:29:40 PM - task_2.2 - INFO - Number of products: 2086
2024/06/09 12:29:40 PM - task_2.2 - CRITICAL - Failed bread crumbs extraction
2024/06/09 12:29:40 PM - task_2.2 - CRITICAL - IP ADDRESS MAY HAVE BEEN BANNED BY TARGET
2024/06/09 12:29:40 PM - task_2.2 - ERROR - Failed extraction of grocery's group products basic info
Traceback (most recent call last):
  File "D:\scraping-groceries\stores\target\tasks\task_2\grocery_products_basic_info_extraction.py", line 138, in <module>
    extract_grocery_group_products_basic_info(
  File "D:\scraping-groceries\stores\target\tasks\task_2\grocery_products_basic_info_extraction.py", line 53, in extract_grocery_group_products_basic_info
    if merged_bread_crumbs is None: raise Exception("Failed extraction of grocery's group products basic info")
                                    ^^^^^^^^^^^^^^^^^^^^^^^^^^^^^^^^^^^^^^^^^^^^^^^^^^^^^^^^^^^^^^^^^^^^^^^^^^^
Exception: Failed extraction of grocery's group products basic info
2024/06/09 12:29:45 PM - task_2.2 - INFO - First modified GET request url: https://redsky.target.com/redsky_aggregations/v1/web/plp_search_v2?key=9f36aeafbe60771e321a7cc95a78140772ab3e96&brand_id=yfqzk&channel=WEB&count=28&default_purchasability_filter=false&include_dmc_dmr=false&new_search=true&offset=0&page=%2Fb%2Fyfqzk&platform=desktop&pricing_store_id=3991&spellcheck=true&useragent=Mozilla%2F5.0+%28Windows+NT+10.0%3B+Win64%3B+x64%29+AppleWebKit%2F537.36+%28KHTML%2C+like+Gecko%29+HeadlessChrome%2F125.0.0.0+Safari%2F537.36&visitor_id=018FF5C67E2502018598DB5AB7270365&zip=15400
2024/06/09 12:29:46 PM - task_2.2 - INFO - Number of products: 2086
2024/06/09 12:29:46 PM - task_2.2 - CRITICAL - Failed bread crumbs extraction
2024/06/09 12:29:46 PM - task_2.2 - CRITICAL - IP ADDRESS MAY HAVE BEEN BANNED BY TARGET
2024/06/09 12:29:46 PM - task_2.2 - ERROR - Failed extraction of grocery's group products basic info
Traceback (most recent call last):
  File "D:\scraping-groceries\stores\target\tasks\task_2\grocery_products_basic_info_extraction.py", line 138, in <module>
    extract_grocery_group_products_basic_info(
  File "D:\scraping-groceries\stores\target\tasks\task_2\grocery_products_basic_info_extraction.py", line 53, in extract_grocery_group_products_basic_info
    if merged_bread_crumbs is None: raise Exception("Failed extraction of grocery's group products basic info")
                                    ^^^^^^^^^^^^^^^^^^^^^^^^^^^^^^^^^^^^^^^^^^^^^^^^^^^^^^^^^^^^^^^^^^^^^^^^^^^
Exception: Failed extraction of grocery's group products basic info
2024/06/09 12:30:15 PM - task_2.2 - INFO - First modified GET request url: https://redsky.target.com/redsky_aggregations/v1/web/plp_search_v2?key=9f36aeafbe60771e321a7cc95a78140772ab3e96&brand_id=yfqzk&channel=WEB&count=28&default_purchasability_filter=false&include_dmc_dmr=false&new_search=true&offset=0&page=%2Fb%2Fyfqzk&platform=desktop&pricing_store_id=3991&spellcheck=true&useragent=Mozilla%2F5.0+%28Windows+NT+10.0%3B+Win64%3B+x64%29+AppleWebKit%2F537.36+%28KHTML%2C+like+Gecko%29+HeadlessChrome%2F125.0.0.0+Safari%2F537.36&visitor_id=018FF5C67E2502018598DB5AB7270602&zip=15400
2024/06/09 12:30:16 PM - task_2.2 - INFO - Number of products: 2086
2024/06/09 12:30:16 PM - task_2.2 - CRITICAL - Failed bread crumbs extraction
2024/06/09 12:30:16 PM - task_2.2 - CRITICAL - IP ADDRESS MAY HAVE BEEN BANNED BY TARGET
2024/06/09 12:30:16 PM - task_2.2 - ERROR - Failed extraction of grocery's group products basic info
Traceback (most recent call last):
  File "D:\scraping-groceries\stores\target\tasks\task_2\grocery_products_basic_info_extraction.py", line 138, in <module>
    extract_grocery_group_products_basic_info(
  File "D:\scraping-groceries\stores\target\tasks\task_2\grocery_products_basic_info_extraction.py", line 53, in extract_grocery_group_products_basic_info
    if merged_bread_crumbs is None: raise Exception("Failed extraction of grocery's group products basic info")
                                    ^^^^^^^^^^^^^^^^^^^^^^^^^^^^^^^^^^^^^^^^^^^^^^^^^^^^^^^^^^^^^^^^^^^^^^^^^^^
Exception: Failed extraction of grocery's group products basic info
