2024/06/17 19:42:12 PM - task_1.1 - INFO - Started subtask
2024/06/17 19:42:51 PM - task_1.1 - INFO - Category: Frozen Foods
2024/06/17 19:43:12 PM - task_1.1 - INFO - Category: Meat & Seafood
2024/06/17 19:43:46 PM - task_1.1 - INFO - Category: Produce
2024/06/17 19:44:18 PM - task_1.1 - INFO - Category: Snacks
2024/06/17 19:44:33 PM - task_1.1 - INFO - Category: Bakery & Bread
2024/06/17 19:44:43 PM - task_1.1 - INFO - Category: Beverages
2024/06/17 19:44:56 PM - task_1.1 - INFO - Category: Pantry
2024/06/17 19:45:09 PM - task_1.1 - INFO - Category: Breakfast & Cereal
2024/06/17 19:45:13 PM - task_1.1 - INFO - All subcategories are shown by default in website
2024/06/17 19:45:21 PM - task_1.1 - INFO - Category: Dairy
2024/06/17 19:45:39 PM - task_1.1 - INFO - Category: Deli
2024/06/17 19:45:47 PM - task_1.1 - INFO - Category: Candy
2024/06/17 19:45:53 PM - task_1.1 - INFO - All subcategories are shown by default in website
2024/06/17 19:45:55 PM - task_1.1 - INFO - Category: Coffee
2024/06/17 19:46:09 PM - task_1.1 - INFO - Category: Fresh Flowers
2024/06/17 19:46:15 PM - task_1.1 - INFO - No subcategories found
2024/06/17 19:46:15 PM - task_1.1 - INFO - Category: Wine, Beer & Liquor
2024/06/17 19:46:28 PM - task_1.1 - INFO - Category: Snack Packs & On the Go Snacks
2024/06/17 19:46:31 PM - task_1.1 - INFO - No subcategories found
2024/06/17 19:46:31 PM - task_1.1 - INFO - Category: Tabitha Brown for Target
2024/06/17 19:46:39 PM - task_1.1 - INFO - No subcategories found
2024/06/17 19:46:39 PM - task_1.1 - INFO - Category: Good & Gather
2024/06/17 19:46:51 PM - task_1.1 - INFO - No subcategories found
2024/06/17 19:46:51 PM - task_1.1 - INFO - Category: Favorite Day
2024/06/17 19:46:55 PM - task_1.1 - INFO - No subcategories found
2024/06/17 19:46:55 PM - task_1.1 - INFO - Category: Market Pantry
2024/06/17 19:47:00 PM - task_1.1 - INFO - No subcategories found
2024/06/17 19:47:00 PM - task_1.1 - INFO - Category: Starbucks
2024/06/17 19:47:03 PM - task_1.1 - INFO - No subcategories found
2024/06/17 19:47:03 PM - task_1.1 - INFO - Category: Food Gifts
2024/06/17 19:47:06 PM - task_1.1 - INFO - No subcategories found
2024/06/17 19:47:14 PM - task_1.1 - INFO - Completed subtask
